Post Processor Report
OrCAD FILE: C:\DOCUMENTS AND SETTINGS\PLACIDO DE-VITA\DESKTOP\LAVORO\GIT\BLUENRG\RF PCB\LAYOUT 2 LAYER\BLUENRG RF APP BOARD-2 LAYER.MAX
Fri Apr 19 09:54:57 2013

*********************************************************

Output file: C:\DOCUMENTS AND SETTINGS\PLACIDO DE-VITA\DESKTOP\LAVORO\GIT\BLUENRG\RF PCB\LAYOUT 2 LAYER\BLUENRG RF APP BOARD-2 LAYER.TOP

Aperture totals for C:\DOCUMENTS AND SETTINGS\PLACIDO DE-VITA\DESKTOP\LAVORO\GIT\BLUENRG\RF PCB\LAYOUT 2 LAYER\BLUENRG RF APP BOARD-2 LAYER.TOP:
---------------------------------------------------------
D10:  0.1200 ROUND  --       0 Draws,       2 Flashes
D11:  0.0580 ROUND  --       0 Draws,      21 Flashes
D12:  0.0220 SQUARE --       0 Draws,      68 Flashes
D13:  0.0500 SQUARE --       0 Draws,       3 Flashes
D14:  0.0350 ROUND  --       0 Draws,       9 Flashes
D15:  0.0350 SQUARE --       0 Draws,       1 Flashes
D16:  0.2000 x 0.0500 RECTANGLE -----       2 Flashes
D17:  0.1500 x 0.0300 RECTANGLE -----       1 Flashes
D18:  0.0580 SQUARE --       0 Draws,       2 Flashes
D19:  0.0620 ROUND  --       0 Draws,       2 Flashes
D20:  0.0620 SQUARE --       0 Draws,       1 Flashes
D21:  0.0400 x 0.0720 RECTANGLE -----       2 Flashes
D22:  0.0550 x 0.0470 RECTANGLE -----       4 Flashes
D23:  0.0100 x 0.0430 RECTANGLE -----      16 Flashes
D24:  0.1420 SQUARE --       0 Draws,       1 Flashes
D25:  0.0430 x 0.0100 RECTANGLE -----      16 Flashes
D26:  0.0640 ROUND  --       0 Draws,       2 Flashes
D27:  0.0940 x 0.0250 OBLONG    -----       7 Flashes
D28:  0.0940 x 0.0250 RECTANGLE -----       1 Flashes
D29:  0.0100 ROUND  --       0 Draws,     276 Flashes
D30:  0.0010 ROUND  --   18563 Draws,       0 Flashes
D31:  0.0120 ROUND  --      10 Draws,       0 Flashes
D32:  0.0200 ROUND  --      37 Draws,       0 Flashes
D33:  0.0190 ROUND  --       1 Draws,       0 Flashes
D34:  0.0100 ROUND  --     104 Draws,       0 Flashes
---------------------------------------------------------
 25 D-Codes      -----   18715 Draws,     437 Flashes

*********************************************************

Output file: C:\DOCUMENTS AND SETTINGS\PLACIDO DE-VITA\DESKTOP\LAVORO\GIT\BLUENRG\RF PCB\LAYOUT 2 LAYER\BLUENRG RF APP BOARD-2 LAYER.BOT

Aperture totals for C:\DOCUMENTS AND SETTINGS\PLACIDO DE-VITA\DESKTOP\LAVORO\GIT\BLUENRG\RF PCB\LAYOUT 2 LAYER\BLUENRG RF APP BOARD-2 LAYER.BOT:
---------------------------------------------------------
D30:  0.0010 ROUND  --   21331 Draws,       0 Flashes
D31:  0.0120 ROUND  --      37 Draws,       0 Flashes
D32:  0.0200 ROUND  --      20 Draws,       0 Flashes
D34:  0.0100 ROUND  --      22 Draws,       0 Flashes
D35:  0.1200 ROUND  --       0 Draws,       2 Flashes
D36:  0.0580 ROUND  --       0 Draws,      21 Flashes
D37:  0.0350 ROUND  --       0 Draws,       9 Flashes
D38:  0.0350 SQUARE --       0 Draws,       1 Flashes
D39:  0.2000 x 0.0500 RECTANGLE -----       2 Flashes
D40:  0.0580 SQUARE --       0 Draws,       2 Flashes
D41:  0.0620 ROUND  --       0 Draws,       2 Flashes
D42:  0.0620 SQUARE --       0 Draws,       1 Flashes
D43:  0.0640 ROUND  --       0 Draws,       2 Flashes
D44:  0.0100 ROUND  --       0 Draws,     276 Flashes
---------------------------------------------------------
 14 D-Codes      -----   21410 Draws,     318 Flashes

*********************************************************

Output file: C:\DOCUMENTS AND SETTINGS\PLACIDO DE-VITA\DESKTOP\LAVORO\GIT\BLUENRG\RF PCB\LAYOUT 2 LAYER\BLUENRG RF APP BOARD-2 LAYER.SMT

Aperture totals for C:\DOCUMENTS AND SETTINGS\PLACIDO DE-VITA\DESKTOP\LAVORO\GIT\BLUENRG\RF PCB\LAYOUT 2 LAYER\BLUENRG RF APP BOARD-2 LAYER.SMT:
---------------------------------------------------------
D30:  0.0010 ROUND  --     119 Draws,       0 Flashes
D36:  0.0580 ROUND  --       0 Draws,      21 Flashes
D40:  0.0580 SQUARE --       0 Draws,       2 Flashes
D45:  0.1050 ROUND  --       0 Draws,       2 Flashes
D46:  0.0220 SQUARE --       0 Draws,      68 Flashes
D47:  0.0500 SQUARE --       0 Draws,       4 Flashes
D48:  0.0500 ROUND  --       0 Draws,       9 Flashes
D49:  0.2500 x 0.1000 RECTANGLE -----       2 Flashes
D50:  0.1600 x 0.0350 RECTANGLE -----       1 Flashes
D51:  0.0780 ROUND  --       0 Draws,       2 Flashes
D52:  0.0780 SQUARE --       0 Draws,       1 Flashes
D53:  0.0400 x 0.0720 RECTANGLE -----       2 Flashes
D54:  0.0550 x 0.0470 RECTANGLE -----       4 Flashes
D55:  0.0100 x 0.0430 RECTANGLE -----      16 Flashes
D56:  0.1420 SQUARE --       0 Draws,       1 Flashes
D57:  0.0430 x 0.0100 RECTANGLE -----      16 Flashes
D58:  0.0690 ROUND  --       0 Draws,       2 Flashes
D59:  0.0940 x 0.0250 OBLONG    -----       7 Flashes
D60:  0.0940 x 0.0250 RECTANGLE -----       1 Flashes
---------------------------------------------------------
 19 D-Codes      -----     119 Draws,     161 Flashes

*********************************************************

Output file: C:\DOCUMENTS AND SETTINGS\PLACIDO DE-VITA\DESKTOP\LAVORO\GIT\BLUENRG\RF PCB\LAYOUT 2 LAYER\BLUENRG RF APP BOARD-2 LAYER.SMB

Aperture totals for C:\DOCUMENTS AND SETTINGS\PLACIDO DE-VITA\DESKTOP\LAVORO\GIT\BLUENRG\RF PCB\LAYOUT 2 LAYER\BLUENRG RF APP BOARD-2 LAYER.SMB:
---------------------------------------------------------
D36:  0.0580 ROUND  --       0 Draws,      21 Flashes
D40:  0.0580 SQUARE --       0 Draws,       2 Flashes
D45:  0.1050 ROUND  --       0 Draws,       2 Flashes
D47:  0.0500 SQUARE --       0 Draws,       1 Flashes
D48:  0.0500 ROUND  --       0 Draws,       9 Flashes
D51:  0.0780 ROUND  --       0 Draws,       2 Flashes
D52:  0.0780 SQUARE --       0 Draws,       1 Flashes
D58:  0.0690 ROUND  --       0 Draws,       2 Flashes
D61:  0.2100 x 0.0600 RECTANGLE -----       2 Flashes
---------------------------------------------------------
  9 D-Codes      -----       0 Draws,      42 Flashes

*********************************************************

Output file: C:\DOCUMENTS AND SETTINGS\PLACIDO DE-VITA\DESKTOP\LAVORO\GIT\BLUENRG\RF PCB\LAYOUT 2 LAYER\BLUENRG RF APP BOARD-2 LAYER.SPT

Aperture totals for C:\DOCUMENTS AND SETTINGS\PLACIDO DE-VITA\DESKTOP\LAVORO\GIT\BLUENRG\RF PCB\LAYOUT 2 LAYER\BLUENRG RF APP BOARD-2 LAYER.SPT:
---------------------------------------------------------
D39:  0.2000 x 0.0500 RECTANGLE -----       2 Flashes
D46:  0.0220 SQUARE --       0 Draws,      68 Flashes
D47:  0.0500 SQUARE --       0 Draws,       3 Flashes
D53:  0.0400 x 0.0720 RECTANGLE -----       2 Flashes
D55:  0.0100 x 0.0430 RECTANGLE -----      16 Flashes
D56:  0.1420 SQUARE --       0 Draws,       1 Flashes
D57:  0.0430 x 0.0100 RECTANGLE -----      16 Flashes
D59:  0.0940 x 0.0250 OBLONG    -----       7 Flashes
D60:  0.0940 x 0.0250 RECTANGLE -----       1 Flashes
D62:  0.1500 x 0.0300 RECTANGLE -----       1 Flashes
D63:  0.0500 x 0.0400 RECTANGLE -----       4 Flashes
---------------------------------------------------------
 11 D-Codes      -----       0 Draws,     121 Flashes

*********************************************************

Output file: C:\DOCUMENTS AND SETTINGS\PLACIDO DE-VITA\DESKTOP\LAVORO\GIT\BLUENRG\RF PCB\LAYOUT 2 LAYER\BLUENRG RF APP BOARD-2 LAYER.SPB

Aperture totals for C:\DOCUMENTS AND SETTINGS\PLACIDO DE-VITA\DESKTOP\LAVORO\GIT\BLUENRG\RF PCB\LAYOUT 2 LAYER\BLUENRG RF APP BOARD-2 LAYER.SPB:
---------------------------------------------------------
D39:  0.2000 x 0.0500 RECTANGLE -----       2 Flashes
---------------------------------------------------------
  1 D-Codes      -----       0 Draws,       2 Flashes

*********************************************************

Output file: C:\DOCUMENTS AND SETTINGS\PLACIDO DE-VITA\DESKTOP\LAVORO\GIT\BLUENRG\RF PCB\LAYOUT 2 LAYER\BLUENRG RF APP BOARD-2 LAYER.SST

Aperture totals for C:\DOCUMENTS AND SETTINGS\PLACIDO DE-VITA\DESKTOP\LAVORO\GIT\BLUENRG\RF PCB\LAYOUT 2 LAYER\BLUENRG RF APP BOARD-2 LAYER.SST:
---------------------------------------------------------
D30:  0.0010 ROUND  --    1446 Draws,       7 Flashes
D34:  0.0100 ROUND  --      56 Draws,       0 Flashes
D64:  0.0080 ROUND  --      17 Draws,       0 Flashes
D65:  0.0015 ROUND  --    1561 Draws,       0 Flashes
D66:  0.0040 ROUND  --     253 Draws,       0 Flashes
D67:  0.0060 ROUND  --      46 Draws,       0 Flashes
D68:  0.0020 ROUND  --     504 Draws,       0 Flashes
D69:  0.0030 ROUND  --     123 Draws,       0 Flashes
---------------------------------------------------------
  8 D-Codes      -----    4006 Draws,       7 Flashes

*********************************************************

Output file: C:\DOCUMENTS AND SETTINGS\PLACIDO DE-VITA\DESKTOP\LAVORO\GIT\BLUENRG\RF PCB\LAYOUT 2 LAYER\BLUENRG RF APP BOARD-2 LAYER.SSB

Aperture totals for C:\DOCUMENTS AND SETTINGS\PLACIDO DE-VITA\DESKTOP\LAVORO\GIT\BLUENRG\RF PCB\LAYOUT 2 LAYER\BLUENRG RF APP BOARD-2 LAYER.SSB:
---------------------------------------------------------
D64:  0.0080 ROUND  --       8 Draws,       0 Flashes
D66:  0.0040 ROUND  --      23 Draws,       0 Flashes
D69:  0.0030 ROUND  --       6 Draws,       0 Flashes
---------------------------------------------------------
  3 D-Codes      -----      37 Draws,       0 Flashes

*********************************************************

Output file: C:\DOCUMENTS AND SETTINGS\PLACIDO DE-VITA\DESKTOP\LAVORO\GIT\BLUENRG\RF PCB\LAYOUT 2 LAYER\BLUENRG RF APP BOARD-2 LAYER.DRD

Aperture totals for C:\DOCUMENTS AND SETTINGS\PLACIDO DE-VITA\DESKTOP\LAVORO\GIT\BLUENRG\RF PCB\LAYOUT 2 LAYER\BLUENRG RF APP BOARD-2 LAYER.DRD:
---------------------------------------------------------
D30:  0.0010 ROUND  --       4 Draws,       0 Flashes
D34:  0.0100 ROUND  --    2423 Draws,       0 Flashes
---------------------------------------------------------
  2 D-Codes      -----    2427 Draws,       0 Flashes

*********************************************************

Output file: C:\DOCUMENTS AND SETTINGS\PLACIDO DE-VITA\DESKTOP\LAVORO\GIT\BLUENRG\RF PCB\LAYOUT 2 LAYER\BLUENRG RF APP BOARD-2 LAYER.FAB

Aperture totals for C:\DOCUMENTS AND SETTINGS\PLACIDO DE-VITA\DESKTOP\LAVORO\GIT\BLUENRG\RF PCB\LAYOUT 2 LAYER\BLUENRG RF APP BOARD-2 LAYER.FAB:
---------------------------------------------------------
D30:  0.0010 ROUND  --      16 Draws,       0 Flashes
D32:  0.0200 ROUND  --      77 Draws,       0 Flashes
D34:  0.0100 ROUND  --    2501 Draws,       1 Flashes
D44:  0.0100 ROUND  --       0 Draws,     276 Flashes
---------------------------------------------------------
  4 D-Codes      -----    2594 Draws,     277 Flashes


*********************************************************

Aperture totals for entire project:
---------------------------------------------------------
D10:  0.1200 ROUND  --       0 Draws,       2 Flashes
D11:  0.0580 ROUND  --       0 Draws,      21 Flashes
D12:  0.0220 SQUARE --       0 Draws,      68 Flashes
D13:  0.0500 SQUARE --       0 Draws,       3 Flashes
D14:  0.0350 ROUND  --       0 Draws,       9 Flashes
D15:  0.0350 SQUARE --       0 Draws,       1 Flashes
D16:  0.2000 x 0.0500 RECTANGLE -----       2 Flashes
D17:  0.1500 x 0.0300 RECTANGLE -----       1 Flashes
D18:  0.0580 SQUARE --       0 Draws,       2 Flashes
D19:  0.0620 ROUND  --       0 Draws,       2 Flashes
D20:  0.0620 SQUARE --       0 Draws,       1 Flashes
D21:  0.0400 x 0.0720 RECTANGLE -----       2 Flashes
D22:  0.0550 x 0.0470 RECTANGLE -----       4 Flashes
D23:  0.0100 x 0.0430 RECTANGLE -----      16 Flashes
D24:  0.1420 SQUARE --       0 Draws,       1 Flashes
D25:  0.0430 x 0.0100 RECTANGLE -----      16 Flashes
D26:  0.0640 ROUND  --       0 Draws,       2 Flashes
D27:  0.0940 x 0.0250 OBLONG    -----       7 Flashes
D28:  0.0940 x 0.0250 RECTANGLE -----       1 Flashes
D29:  0.0100 ROUND  --       0 Draws,     276 Flashes
D30:  0.0010 ROUND  --   41479 Draws,       7 Flashes
D31:  0.0120 ROUND  --      47 Draws,       0 Flashes
D32:  0.0200 ROUND  --     134 Draws,       0 Flashes
D33:  0.0190 ROUND  --       1 Draws,       0 Flashes
D34:  0.0100 ROUND  --    5106 Draws,       1 Flashes
D35:  0.1200 ROUND  --       0 Draws,       2 Flashes
D36:  0.0580 ROUND  --       0 Draws,      63 Flashes
D37:  0.0350 ROUND  --       0 Draws,       9 Flashes
D38:  0.0350 SQUARE --       0 Draws,       1 Flashes
D39:  0.2000 x 0.0500 RECTANGLE -----       6 Flashes
D40:  0.0580 SQUARE --       0 Draws,       6 Flashes
D41:  0.0620 ROUND  --       0 Draws,       2 Flashes
D42:  0.0620 SQUARE --       0 Draws,       1 Flashes
D43:  0.0640 ROUND  --       0 Draws,       2 Flashes
D44:  0.0100 ROUND  --       0 Draws,     552 Flashes
D45:  0.1050 ROUND  --       0 Draws,       4 Flashes
D46:  0.0220 SQUARE --       0 Draws,     136 Flashes
D47:  0.0500 SQUARE --       0 Draws,       8 Flashes
D48:  0.0500 ROUND  --       0 Draws,      18 Flashes
D49:  0.2500 x 0.1000 RECTANGLE -----       2 Flashes
D50:  0.1600 x 0.0350 RECTANGLE -----       1 Flashes
D51:  0.0780 ROUND  --       0 Draws,       4 Flashes
D52:  0.0780 SQUARE --       0 Draws,       2 Flashes
D53:  0.0400 x 0.0720 RECTANGLE -----       4 Flashes
D54:  0.0550 x 0.0470 RECTANGLE -----       4 Flashes
D55:  0.0100 x 0.0430 RECTANGLE -----      32 Flashes
D56:  0.1420 SQUARE --       0 Draws,       2 Flashes
D57:  0.0430 x 0.0100 RECTANGLE -----      32 Flashes
D58:  0.0690 ROUND  --       0 Draws,       4 Flashes
D59:  0.0940 x 0.0250 OBLONG    -----      14 Flashes
D60:  0.0940 x 0.0250 RECTANGLE -----       2 Flashes
D61:  0.2100 x 0.0600 RECTANGLE -----       2 Flashes
D62:  0.1500 x 0.0300 RECTANGLE -----       1 Flashes
D63:  0.0500 x 0.0400 RECTANGLE -----       4 Flashes
D64:  0.0080 ROUND  --      25 Draws,       0 Flashes
D65:  0.0015 ROUND  --    1561 Draws,       0 Flashes
D66:  0.0040 ROUND  --     276 Draws,       0 Flashes
D67:  0.0060 ROUND  --      46 Draws,       0 Flashes
D68:  0.0020 ROUND  --     504 Draws,       0 Flashes
D69:  0.0030 ROUND  --     129 Draws,       0 Flashes
---------------------------------------------------------
 60 D-Codes      -----   49308 Draws,    1365 Flashes


No warnings or errors.
